2025-05-07 15:56:38 INFO  AddEmployeeTest:19 - Đang khởi tạo trình duyệt...
2025-05-07 15:56:45 INFO  AddEmployeeTest:32 - Truy cập URL: https://olms.codedao.io.vn/login
2025-05-07 15:56:45 INFO  AddEmployeeTest:20 - Bắt đầu đăng nhập...
2025-05-07 15:56:45 INFO  AddEmployeeTest:22 - Đăng nhập thành công
2025-05-07 15:56:45 INFO  AddEmployeeTest:24 - Đi tới menu Cấu hình > Quản lý nhân viên...
2025-05-07 15:56:46 INFO  AddEmployeeTest:27 - Xác minh nút 'Thêm nhân viên' được hiển thị...
2025-05-07 15:56:46 INFO  AddEmployeeTest:30 - Test case TC01 hoàn thành thành công
2025-05-07 15:56:46 INFO  AddEmployeeTest:42 - Đóng trình duyệt...
2025-05-07 16:00:27 INFO  AddEmployeeTest:19 - Đang khởi tạo trình duyệt...
2025-05-07 16:00:39 INFO  AddEmployeeTest:32 - Truy cập URL: https://olms.codedao.io.vn/login
2025-05-07 16:00:39 INFO  AddEmployeeTest:19 - Bắt đầu đăng nhập bằng tài khoản admin...
2025-05-07 16:00:39 INFO  AddEmployeeTest:22 - Đi tới menu Cấu hình > Quản lý nhân viên...
2025-05-07 16:00:40 INFO  AddEmployeeTest:25 - Xác minh nút 'Thêm nhân viên' được hiển thị...
2025-05-07 16:00:40 INFO  AddEmployeeTest:42 - Đóng trình duyệt...
2025-05-07 16:00:40 INFO  AddEmployeeTest:19 - Đang khởi tạo trình duyệt...
2025-05-07 16:00:51 INFO  AddEmployeeTest:32 - Truy cập URL: https://olms.codedao.io.vn/login
2025-05-07 16:00:51 INFO  AddEmployeeTest:37 - Đăng nhập với tài khoản không phải admin...
2025-05-07 16:00:51 INFO  AddEmployeeTest:40 - Thử truy cập Cấu hình > Quản lý nhân viên với tài khoản thường...
2025-05-07 16:01:01 INFO  AddEmployeeTest:43 - Xác minh quyền truy cập bị từ chối...
2025-05-07 16:01:01 INFO  AddEmployeeTest:42 - Đóng trình duyệt...
2025-05-07 16:04:35 INFO  AddEmployeeTest:19 - Đang khởi tạo trình duyệt...
2025-05-07 16:04:46 INFO  AddEmployeeTest:32 - Truy cập URL: https://olms.codedao.io.vn/login
2025-05-07 16:04:46 INFO  AddEmployeeTest:19 - Bắt đầu đăng nhập bằng tài khoản admin...
2025-05-07 16:04:47 INFO  AddEmployeeTest:22 - Đi tới menu Cấu hình > Quản lý nhân viên...
2025-05-07 16:04:48 INFO  AddEmployeeTest:25 - Xác minh nút 'Thêm nhân viên' được hiển thị...
2025-05-07 16:04:48 INFO  AddEmployeeTest:42 - Đóng trình duyệt...
2025-05-07 16:04:48 INFO  AddEmployeeTest:19 - Đang khởi tạo trình duyệt...
2025-05-07 16:04:59 INFO  AddEmployeeTest:32 - Truy cập URL: https://olms.codedao.io.vn/login
2025-05-07 16:04:59 INFO  AddEmployeeTest:37 - Đăng nhập với tài khoản không phải admin...
2025-05-07 16:05:00 INFO  AddEmployeeTest:40 - Thử truy cập Cấu hình > Quản lý nhân viên với tài khoản thường...
2025-05-07 16:05:10 INFO  AddEmployeeTest:43 - Xác minh quyền truy cập bị từ chối...
2025-05-07 16:05:10 INFO  AddEmployeeTest:42 - Đóng trình duyệt...
2025-05-07 16:05:28 INFO  AddEmployeeTest:19 - Đang khởi tạo trình duyệt...
2025-05-07 16:05:33 INFO  AddEmployeeTest:32 - Truy cập URL: https://olms.codedao.io.vn/login
2025-05-07 16:05:33 INFO  AddEmployeeTest:19 - Bắt đầu đăng nhập bằng tài khoản admin...
2025-05-07 16:05:34 INFO  AddEmployeeTest:22 - Đi tới menu Cấu hình > Quản lý nhân viên...
2025-05-07 16:05:35 INFO  AddEmployeeTest:25 - Xác minh nút 'Thêm nhân viên' được hiển thị...
2025-05-07 16:05:35 INFO  AddEmployeeTest:42 - Đóng trình duyệt...
2025-05-07 16:05:35 INFO  AddEmployeeTest:19 - Đang khởi tạo trình duyệt...
2025-05-07 16:05:40 INFO  AddEmployeeTest:32 - Truy cập URL: https://olms.codedao.io.vn/login
2025-05-07 16:05:40 INFO  AddEmployeeTest:37 - Đăng nhập với tài khoản không phải admin...
2025-05-07 16:05:40 INFO  AddEmployeeTest:40 - Thử truy cập Cấu hình > Quản lý nhân viên với tài khoản thường...
2025-05-07 16:05:50 INFO  AddEmployeeTest:43 - Xác minh quyền truy cập bị từ chối...
2025-05-07 16:05:50 INFO  AddEmployeeTest:42 - Đóng trình duyệt...
2025-05-07 16:20:39 INFO  AddEmployeeTest:19 - Đang khởi tạo trình duyệt...
2025-05-07 16:20:52 INFO  AddEmployeeTest:32 - Truy cập URL: https://olms.codedao.io.vn/login
2025-05-07 16:20:52 INFO  AddEmployeeTest:20 - Bắt đầu đăng nhập bằng tài khoản admin...
2025-05-07 16:20:53 INFO  AddEmployeeTest:23 - Đi tới menu Cấu hình > Quản lý nhân viên...
2025-05-07 16:20:54 INFO  AddEmployeeTest:26 - Xác minh nút 'Thêm nhân viên' được hiển thị...
2025-05-07 16:21:04 INFO  AddEmployeeTest:42 - Đóng trình duyệt...
2025-05-07 16:21:04 INFO  AddEmployeeTest:19 - Đang khởi tạo trình duyệt...
2025-05-07 16:21:15 INFO  AddEmployeeTest:32 - Truy cập URL: https://olms.codedao.io.vn/login
2025-05-07 16:21:15 INFO  AddEmployeeTest:37 - Đăng nhập với tài khoản không phải admin...
2025-05-07 16:21:16 INFO  AddEmployeeTest:42 - Đóng trình duyệt...
2025-05-07 16:21:16 INFO  AddEmployeeTest:19 - Đang khởi tạo trình duyệt...
2025-05-07 16:21:21 INFO  AddEmployeeTest:32 - Truy cập URL: https://olms.codedao.io.vn/login
2025-05-07 16:21:33 INFO  AddEmployeeTest:42 - Đóng trình duyệt...
2025-05-07 16:22:23 INFO  AddEmployeeTest:19 - Đang khởi tạo trình duyệt...
2025-05-07 16:22:29 INFO  AddEmployeeTest:32 - Truy cập URL: https://olms.codedao.io.vn/login
2025-05-07 16:22:29 INFO  AddEmployeeTest:20 - Bắt đầu đăng nhập bằng tài khoản admin...
2025-05-07 16:22:29 INFO  AddEmployeeTest:23 - Đi tới menu Cấu hình > Quản lý nhân viên...
2025-05-07 16:22:40 INFO  AddEmployeeTest:42 - Đóng trình duyệt...
2025-05-07 16:22:41 INFO  AddEmployeeTest:19 - Đang khởi tạo trình duyệt...
2025-05-07 16:22:46 INFO  AddEmployeeTest:32 - Truy cập URL: https://olms.codedao.io.vn/login
2025-05-07 16:22:46 INFO  AddEmployeeTest:37 - Đăng nhập với tài khoản không phải admin...
2025-05-07 16:22:46 INFO  AddEmployeeTest:40 - Thử truy cập Cấu hình > Quản lý nhân viên với tài khoản thường...
2025-05-07 16:22:56 INFO  AddEmployeeTest:43 - Xác minh quyền truy cập bị từ chối...
2025-05-07 16:22:56 INFO  AddEmployeeTest:42 - Đóng trình duyệt...
2025-05-07 16:23:21 INFO  AddEmployeeTest:19 - Đang khởi tạo trình duyệt...
2025-05-07 16:23:26 INFO  AddEmployeeTest:32 - Truy cập URL: https://olms.codedao.io.vn/login
2025-05-07 16:23:26 INFO  AddEmployeeTest:20 - Bắt đầu đăng nhập bằng tài khoản admin...
2025-05-07 16:23:27 INFO  AddEmployeeTest:23 - Đi tới menu Cấu hình > Quản lý nhân viên...
2025-05-07 16:23:28 INFO  AddEmployeeTest:26 - Xác minh nút 'Thêm nhân viên' được hiển thị...
2025-05-07 16:23:38 INFO  AddEmployeeTest:42 - Đóng trình duyệt...
2025-05-07 16:23:38 INFO  AddEmployeeTest:19 - Đang khởi tạo trình duyệt...
2025-05-07 16:23:43 INFO  AddEmployeeTest:32 - Truy cập URL: https://olms.codedao.io.vn/login
2025-05-07 16:23:43 INFO  AddEmployeeTest:37 - Đăng nhập với tài khoản không phải admin...
2025-05-07 16:23:43 INFO  AddEmployeeTest:40 - Thử truy cập Cấu hình > Quản lý nhân viên với tài khoản thường...
2025-05-07 16:23:53 INFO  AddEmployeeTest:43 - Xác minh quyền truy cập bị từ chối...
2025-05-07 16:23:53 INFO  AddEmployeeTest:42 - Đóng trình duyệt...
2025-05-07 16:27:08 INFO  AddEmployeeTest:19 - Đang khởi tạo trình duyệt...
2025-05-07 16:27:14 INFO  AddEmployeeTest:32 - Truy cập URL: https://olms.codedao.io.vn/login
2025-05-07 16:27:14 INFO  AddEmployeeTest:20 - Bắt đầu đăng nhập bằng tài khoản admin...
2025-05-07 16:27:15 INFO  AddEmployeeTest:23 - Đi tới menu Cấu hình > Quản lý nhân viên...
2025-05-07 16:27:15 INFO  AddEmployeeTest:26 - Xác minh nút 'Thêm nhân viên' được hiển thị...
2025-05-07 16:27:25 INFO  AddEmployeeTest:42 - Đóng trình duyệt...
2025-05-07 16:32:25 INFO  AddEmployeeTest:19 - Đang khởi tạo trình duyệt...
2025-05-07 16:32:30 INFO  AddEmployeeTest:32 - Truy cập URL: https://olms.codedao.io.vn/login
2025-05-07 16:32:30 INFO  AddEmployeeTest:19 - Bắt đầu đăng nhập bằng tài khoản admin...
2025-05-07 16:32:31 INFO  AddEmployeeTest:22 - Đi tới menu Cấu hình > Quản lý nhân viên...
2025-05-07 16:32:32 INFO  AddEmployeeTest:25 - Xác minh nút 'Thêm nhân viên' được hiển thị...
2025-05-07 16:32:32 INFO  AddEmployeeTest:42 - Đóng trình duyệt...
2025-05-07 16:32:33 INFO  AddEmployeeTest:19 - Đang khởi tạo trình duyệt...
2025-05-07 16:32:37 INFO  AddEmployeeTest:32 - Truy cập URL: https://olms.codedao.io.vn/login
2025-05-07 16:32:37 INFO  AddEmployeeTest:37 - Đăng nhập với tài khoản không phải admin...
2025-05-07 16:32:38 INFO  AddEmployeeTest:40 - Thử truy cập Cấu hình > Quản lý nhân viên với tài khoản thường...
2025-05-07 16:32:48 INFO  AddEmployeeTest:43 - Xác minh quyền truy cập bị từ chối...
2025-05-07 16:32:48 INFO  AddEmployeeTest:42 - Đóng trình duyệt...
2025-05-07 16:37:30 INFO  AddEmployeeTest:19 - Đang khởi tạo trình duyệt...
2025-05-07 16:37:36 INFO  AddEmployeeTest:32 - Truy cập URL: https://olms.codedao.io.vn/login
2025-05-07 16:37:36 INFO  AddEmployeeTest:19 - Bắt đầu đăng nhập bằng tài khoản admin...
2025-05-07 16:37:37 INFO  AddEmployeeTest:22 - Đi tới menu Cấu hình > Quản lý nhân viên...
2025-05-07 16:37:39 INFO  AddEmployeeTest:25 - Xác minh nút 'Thêm nhân viên' được hiển thị...
2025-05-07 16:37:39 INFO  AddEmployeeTest:42 - Đóng trình duyệt...
2025-05-07 16:37:39 INFO  AddEmployeeTest:19 - Đang khởi tạo trình duyệt...
2025-05-07 16:37:50 INFO  AddEmployeeTest:32 - Truy cập URL: https://olms.codedao.io.vn/login
2025-05-07 16:37:50 INFO  AddEmployeeTest:37 - Đăng nhập với tài khoản không phải admin...
2025-05-07 16:37:50 INFO  AddEmployeeTest:40 - Thử truy cập Cấu hình > Quản lý nhân viên với tài khoản thường...
2025-05-07 16:38:00 INFO  AddEmployeeTest:43 - Xác minh quyền truy cập bị từ chối...
2025-05-07 16:38:00 INFO  AddEmployeeTest:42 - Đóng trình duyệt...
2025-05-07 16:38:00 INFO  AddEmployeeValidationTest:19 - Đang khởi tạo trình duyệt...
2025-05-07 16:38:05 INFO  AddEmployeeValidationTest:32 - Truy cập URL: https://olms.codedao.io.vn/login
2025-05-07 16:38:05 INFO  AddEmployeeValidationTest:20 - Đăng nhập bằng tài khoản admin...
2025-05-07 16:38:06 INFO  AddEmployeeValidationTest:23 - Đi tới Cấu hình > Quản lý nhân viên...
2025-05-07 16:38:07 INFO  AddEmployeeValidationTest:26 - Click vào nút 'Thêm nhân viên'...
2025-05-07 16:38:07 INFO  AddEmployeeValidationTest:29 - Case 1: Thiếu họ và tên đệm...
2025-05-07 16:38:18 INFO  AddEmployeeValidationTest:42 - Đóng trình duyệt...
2025-05-07 16:40:30 INFO  AddEmployeeTest:19 - Đang khởi tạo trình duyệt...
2025-05-07 16:40:42 INFO  AddEmployeeTest:32 - Truy cập URL: https://olms.codedao.io.vn/login
2025-05-07 16:40:42 INFO  AddEmployeeTest:19 - Bắt đầu đăng nhập bằng tài khoản admin...
2025-05-07 16:40:42 INFO  AddEmployeeTest:22 - Đi tới menu Cấu hình > Quản lý nhân viên...
2025-05-07 16:40:44 INFO  AddEmployeeTest:25 - Xác minh nút 'Thêm nhân viên' được hiển thị...
2025-05-07 16:40:44 INFO  AddEmployeeTest:42 - Đóng trình duyệt...
2025-05-07 16:40:44 INFO  AddEmployeeTest:19 - Đang khởi tạo trình duyệt...
2025-05-07 16:40:49 INFO  AddEmployeeTest:32 - Truy cập URL: https://olms.codedao.io.vn/login
2025-05-07 16:40:49 INFO  AddEmployeeTest:37 - Đăng nhập với tài khoản không phải admin...
2025-05-07 16:40:49 INFO  AddEmployeeTest:40 - Thử truy cập Cấu hình > Quản lý nhân viên với tài khoản thường...
2025-05-07 16:40:59 INFO  AddEmployeeTest:43 - Xác minh quyền truy cập bị từ chối...
2025-05-07 16:40:59 INFO  AddEmployeeTest:42 - Đóng trình duyệt...
2025-05-07 16:41:00 INFO  AddEmployeeValidationTest:19 - Đang khởi tạo trình duyệt...
2025-05-07 16:41:04 INFO  AddEmployeeValidationTest:32 - Truy cập URL: https://olms.codedao.io.vn/login
2025-05-07 16:41:04 INFO  AddEmployeeValidationTest:25 - Đăng nhập bằng tài khoản admin và mở form Thêm nhân viên...
2025-05-07 16:41:18 INFO  AddEmployeeValidationTest:42 - Đóng trình duyệt...
2025-05-07 16:41:18 INFO  AddEmployeeValidationTest:19 - Đang khởi tạo trình duyệt...
2025-05-07 16:41:28 INFO  AddEmployeeValidationTest:32 - Truy cập URL: https://olms.codedao.io.vn/login
2025-05-07 16:41:28 INFO  AddEmployeeValidationTest:25 - Đăng nhập bằng tài khoản admin và mở form Thêm nhân viên...
2025-05-07 16:41:42 INFO  AddEmployeeValidationTest:42 - Đóng trình duyệt...
2025-05-07 16:41:42 INFO  AddEmployeeValidationTest:19 - Đang khởi tạo trình duyệt...
2025-05-07 16:41:47 INFO  AddEmployeeValidationTest:32 - Truy cập URL: https://olms.codedao.io.vn/login
2025-05-07 16:41:47 INFO  AddEmployeeValidationTest:25 - Đăng nhập bằng tài khoản admin và mở form Thêm nhân viên...
2025-05-07 16:42:01 INFO  AddEmployeeValidationTest:42 - Đóng trình duyệt...
2025-05-07 16:42:01 INFO  AddEmployeeValidationTest:19 - Đang khởi tạo trình duyệt...
2025-05-07 16:42:06 INFO  AddEmployeeValidationTest:32 - Truy cập URL: https://olms.codedao.io.vn/login
2025-05-07 16:42:06 INFO  AddEmployeeValidationTest:25 - Đăng nhập bằng tài khoản admin và mở form Thêm nhân viên...
2025-05-07 16:42:19 INFO  AddEmployeeValidationTest:42 - Đóng trình duyệt...
2025-05-07 16:42:20 INFO  AddEmployeeValidationTest:19 - Đang khởi tạo trình duyệt...
2025-05-07 16:42:24 INFO  AddEmployeeValidationTest:32 - Truy cập URL: https://olms.codedao.io.vn/login
2025-05-07 16:42:24 INFO  AddEmployeeValidationTest:25 - Đăng nhập bằng tài khoản admin và mở form Thêm nhân viên...
2025-05-07 16:42:37 WARN  AddEmployeeValidationTest:50 - Hệ thống có thể auto-điền username nếu thiếu.
2025-05-07 16:42:37 INFO  AddEmployeeValidationTest:42 - Đóng trình duyệt...
2025-05-07 21:01:34 INFO  AddEmployeeTest:19 - Đang khởi tạo trình duyệt...
2025-05-07 21:01:42 INFO  AddEmployeeTest:32 - Truy cập URL: https://olms.codedao.io.vn/login
2025-05-07 21:01:42 INFO  AddEmployeeTest:19 - Bắt đầu đăng nhập bằng tài khoản admin...
2025-05-07 21:01:42 INFO  AddEmployeeTest:22 - Đi tới menu Cấu hình > Quản lý nhân viên...
2025-05-07 21:01:53 INFO  AddEmployeeTest:42 - Đóng trình duyệt...
2025-05-07 21:01:54 INFO  AddEmployeeTest:19 - Đang khởi tạo trình duyệt...
2025-05-07 21:01:59 INFO  AddEmployeeTest:32 - Truy cập URL: https://olms.codedao.io.vn/login
2025-05-07 21:01:59 INFO  AddEmployeeTest:37 - Đăng nhập với tài khoản không phải admin...
2025-05-07 21:01:59 INFO  AddEmployeeTest:40 - Thử truy cập Cấu hình > Quản lý nhân viên với tài khoản thường...
2025-05-07 21:02:09 INFO  AddEmployeeTest:43 - Xác minh quyền truy cập bị từ chối...
2025-05-07 21:02:09 INFO  AddEmployeeTest:42 - Đóng trình duyệt...
2025-05-07 21:02:10 INFO  AddEmployeeValidationTest:19 - Đang khởi tạo trình duyệt...
2025-05-07 21:02:15 INFO  AddEmployeeValidationTest:32 - Truy cập URL: https://olms.codedao.io.vn/login
2025-05-07 21:02:15 INFO  AddEmployeeValidationTest:25 - Đăng nhập bằng tài khoản admin và mở form Thêm nhân viên...
2025-05-07 21:03:08 INFO  AddEmployeeTest:19 - Đang khởi tạo trình duyệt...
2025-05-07 21:03:20 INFO  AddEmployeeTest:32 - Truy cập URL: https://olms.codedao.io.vn/login
2025-05-07 21:03:20 INFO  AddEmployeeTest:19 - Bắt đầu đăng nhập bằng tài khoản admin...
2025-05-07 21:03:21 INFO  AddEmployeeTest:22 - Đi tới menu Cấu hình > Quản lý nhân viên...
2025-05-07 21:03:22 INFO  AddEmployeeTest:25 - Xác minh nút 'Thêm nhân viên' được hiển thị...
2025-05-07 21:03:22 INFO  AddEmployeeTest:42 - Đóng trình duyệt...
2025-05-07 21:03:22 INFO  AddEmployeeTest:19 - Đang khởi tạo trình duyệt...
2025-05-07 21:03:27 INFO  AddEmployeeTest:32 - Truy cập URL: https://olms.codedao.io.vn/login
2025-05-07 21:03:27 INFO  AddEmployeeTest:37 - Đăng nhập với tài khoản không phải admin...
2025-05-07 21:03:28 INFO  AddEmployeeTest:40 - Thử truy cập Cấu hình > Quản lý nhân viên với tài khoản thường...
2025-05-07 21:03:38 INFO  AddEmployeeTest:43 - Xác minh quyền truy cập bị từ chối...
2025-05-07 21:03:38 INFO  AddEmployeeTest:42 - Đóng trình duyệt...
2025-05-07 21:03:38 INFO  AddEmployeeValidationTest:19 - Đang khởi tạo trình duyệt...
2025-05-07 21:03:44 INFO  AddEmployeeValidationTest:32 - Truy cập URL: https://olms.codedao.io.vn/login
2025-05-07 21:03:44 INFO  AddEmployeeValidationTest:25 - Đăng nhập bằng tài khoản admin và mở form Thêm nhân viên...
2025-05-07 21:03:57 INFO  AddEmployeeValidationTest:42 - Đóng trình duyệt...
2025-05-07 21:03:58 INFO  AddEmployeeValidationTest:19 - Đang khởi tạo trình duyệt...
2025-05-07 21:04:03 INFO  AddEmployeeValidationTest:32 - Truy cập URL: https://olms.codedao.io.vn/login
2025-05-07 21:04:03 INFO  AddEmployeeValidationTest:25 - Đăng nhập bằng tài khoản admin và mở form Thêm nhân viên...
2025-05-07 21:04:17 INFO  AddEmployeeValidationTest:42 - Đóng trình duyệt...
2025-05-07 21:04:17 INFO  AddEmployeeValidationTest:19 - Đang khởi tạo trình duyệt...
2025-05-07 21:04:22 INFO  AddEmployeeValidationTest:32 - Truy cập URL: https://olms.codedao.io.vn/login
2025-05-07 21:04:22 INFO  AddEmployeeValidationTest:25 - Đăng nhập bằng tài khoản admin và mở form Thêm nhân viên...
2025-05-07 21:04:36 INFO  AddEmployeeValidationTest:42 - Đóng trình duyệt...
2025-05-07 21:04:36 INFO  AddEmployeeValidationTest:19 - Đang khởi tạo trình duyệt...
2025-05-07 21:04:41 INFO  AddEmployeeValidationTest:32 - Truy cập URL: https://olms.codedao.io.vn/login
2025-05-07 21:04:41 INFO  AddEmployeeValidationTest:25 - Đăng nhập bằng tài khoản admin và mở form Thêm nhân viên...
2025-05-07 21:04:56 INFO  AddEmployeeValidationTest:42 - Đóng trình duyệt...
2025-05-07 21:04:56 INFO  AddEmployeeValidationTest:19 - Đang khởi tạo trình duyệt...
2025-05-07 21:05:01 INFO  AddEmployeeValidationTest:32 - Truy cập URL: https://olms.codedao.io.vn/login
2025-05-07 21:05:01 INFO  AddEmployeeValidationTest:25 - Đăng nhập bằng tài khoản admin và mở form Thêm nhân viên...
2025-05-07 21:05:05 INFO  AddEmployeeValidationTest:42 - Đóng trình duyệt...
2025-05-07 21:08:23 INFO  AddEmployeeValidationTest:19 - Đang khởi tạo trình duyệt...
2025-05-07 21:08:34 INFO  AddEmployeeValidationTest:32 - Truy cập URL: https://olms.codedao.io.vn/login
2025-05-07 21:08:34 INFO  AddEmployeeValidationTest:25 - Đăng nhập bằng tài khoản admin và mở form Thêm nhân viên...
2025-05-07 21:08:48 INFO  AddEmployeeValidationTest:42 - Đóng trình duyệt...
2025-05-07 21:08:48 INFO  AddEmployeeValidationTest:19 - Đang khởi tạo trình duyệt...
2025-05-07 21:09:00 INFO  AddEmployeeValidationTest:32 - Truy cập URL: https://olms.codedao.io.vn/login
2025-05-07 21:09:00 INFO  AddEmployeeValidationTest:25 - Đăng nhập bằng tài khoản admin và mở form Thêm nhân viên...
2025-05-07 21:09:14 INFO  AddEmployeeValidationTest:42 - Đóng trình duyệt...
2025-05-07 21:09:15 INFO  AddEmployeeValidationTest:19 - Đang khởi tạo trình duyệt...
2025-05-07 21:09:20 INFO  AddEmployeeValidationTest:32 - Truy cập URL: https://olms.codedao.io.vn/login
2025-05-07 21:09:20 INFO  AddEmployeeValidationTest:25 - Đăng nhập bằng tài khoản admin và mở form Thêm nhân viên...
2025-05-07 21:09:34 INFO  AddEmployeeValidationTest:42 - Đóng trình duyệt...
2025-05-07 21:09:34 INFO  AddEmployeeValidationTest:19 - Đang khởi tạo trình duyệt...
2025-05-07 21:09:40 INFO  AddEmployeeValidationTest:32 - Truy cập URL: https://olms.codedao.io.vn/login
2025-05-07 21:09:40 INFO  AddEmployeeValidationTest:25 - Đăng nhập bằng tài khoản admin và mở form Thêm nhân viên...
2025-05-07 21:09:53 INFO  AddEmployeeValidationTest:42 - Đóng trình duyệt...
2025-05-07 21:09:53 INFO  AddEmployeeValidationTest:19 - Đang khởi tạo trình duyệt...
2025-05-07 21:09:59 INFO  AddEmployeeValidationTest:32 - Truy cập URL: https://olms.codedao.io.vn/login
2025-05-07 21:09:59 INFO  AddEmployeeValidationTest:25 - Đăng nhập bằng tài khoản admin và mở form Thêm nhân viên...
2025-05-07 21:10:03 INFO  AddEmployeeValidationTest:42 - Đóng trình duyệt...
2025-05-07 21:13:36 INFO  AddEmployeeValidationTest:19 - Đang khởi tạo trình duyệt...
2025-05-07 21:13:47 INFO  AddEmployeeValidationTest:32 - Truy cập URL: https://olms.codedao.io.vn/login
2025-05-07 21:13:47 INFO  AddEmployeeValidationTest:25 - Đăng nhập bằng tài khoản admin và mở form Thêm nhân viên...
2025-05-07 21:14:01 INFO  AddEmployeeValidationTest:42 - Đóng trình duyệt...
2025-05-07 21:14:03 INFO  AddEmployeeValidationTest:19 - Đang khởi tạo trình duyệt...
2025-05-07 21:14:14 INFO  AddEmployeeValidationTest:32 - Truy cập URL: https://olms.codedao.io.vn/login
2025-05-07 21:14:14 INFO  AddEmployeeValidationTest:25 - Đăng nhập bằng tài khoản admin và mở form Thêm nhân viên...
2025-05-07 21:14:27 INFO  AddEmployeeValidationTest:42 - Đóng trình duyệt...
2025-05-07 21:14:28 INFO  AddEmployeeValidationTest:19 - Đang khởi tạo trình duyệt...
2025-05-07 21:14:33 INFO  AddEmployeeValidationTest:32 - Truy cập URL: https://olms.codedao.io.vn/login
2025-05-07 21:14:33 INFO  AddEmployeeValidationTest:25 - Đăng nhập bằng tài khoản admin và mở form Thêm nhân viên...
2025-05-07 21:14:46 INFO  AddEmployeeValidationTest:42 - Đóng trình duyệt...
2025-05-07 21:14:47 INFO  AddEmployeeValidationTest:19 - Đang khởi tạo trình duyệt...
2025-05-07 21:14:51 INFO  AddEmployeeValidationTest:32 - Truy cập URL: https://olms.codedao.io.vn/login
2025-05-07 21:14:51 INFO  AddEmployeeValidationTest:25 - Đăng nhập bằng tài khoản admin và mở form Thêm nhân viên...
2025-05-07 21:15:05 INFO  AddEmployeeValidationTest:42 - Đóng trình duyệt...
2025-05-07 21:15:06 INFO  AddEmployeeValidationTest:19 - Đang khởi tạo trình duyệt...
2025-05-07 21:15:12 INFO  AddEmployeeValidationTest:32 - Truy cập URL: https://olms.codedao.io.vn/login
2025-05-07 21:15:12 INFO  AddEmployeeValidationTest:25 - Đăng nhập bằng tài khoản admin và mở form Thêm nhân viên...
2025-05-07 21:15:26 INFO  AddEmployeeValidationTest:42 - Đóng trình duyệt...
2025-05-07 21:19:16 INFO  AddEmployeeValidationTest:19 - Đang khởi tạo trình duyệt...
2025-05-07 21:19:22 INFO  AddEmployeeValidationTest:32 - Truy cập URL: https://olms.codedao.io.vn/login
2025-05-07 21:19:22 INFO  AddEmployeeValidationTest:27 - Đăng nhập bằng tài khoản admin và mở form Thêm nhân viên...
2025-05-07 21:32:54 INFO  AddEmployeeValidationTest:19 - Đang khởi tạo trình duyệt...
2025-05-07 21:33:00 INFO  AddEmployeeValidationTest:32 - Truy cập URL: https://olms.codedao.io.vn/login
2025-05-07 21:33:00 INFO  AddEmployeeValidationTest:25 - Đăng nhập bằng tài khoản admin và mở form Thêm nhân viên...
2025-05-07 21:33:03 INFO  AddEmployeeValidationTest:42 - Đóng trình duyệt...
2025-05-07 21:37:12 INFO  AddEmployeeValidationTest:19 - Đang khởi tạo trình duyệt...
2025-05-07 21:37:18 INFO  AddEmployeeValidationTest:32 - Truy cập URL: https://olms.codedao.io.vn/login
2025-05-07 21:37:18 INFO  AddEmployeeValidationTest:25 - Đăng nhập bằng tài khoản admin và mở form Thêm nhân viên...
2025-05-07 21:37:23 INFO  AddEmployeeValidationTest:42 - Đóng trình duyệt...
2025-05-07 21:37:23 INFO  AddEmployeeValidationTest:19 - Đang khởi tạo trình duyệt...
2025-05-07 21:37:28 INFO  AddEmployeeValidationTest:32 - Truy cập URL: https://olms.codedao.io.vn/login
2025-05-07 21:37:28 INFO  AddEmployeeValidationTest:25 - Đăng nhập bằng tài khoản admin và mở form Thêm nhân viên...
2025-05-07 21:37:32 INFO  AddEmployeeValidationTest:42 - Đóng trình duyệt...
2025-05-07 21:37:32 INFO  AddEmployeeValidationTest:19 - Đang khởi tạo trình duyệt...
2025-05-07 21:37:43 INFO  AddEmployeeValidationTest:32 - Truy cập URL: https://olms.codedao.io.vn/login
2025-05-07 21:37:43 INFO  AddEmployeeValidationTest:25 - Đăng nhập bằng tài khoản admin và mở form Thêm nhân viên...
2025-05-07 21:37:47 INFO  AddEmployeeValidationTest:42 - Đóng trình duyệt...
2025-05-07 21:37:47 INFO  AddEmployeeValidationTest:19 - Đang khởi tạo trình duyệt...
2025-05-07 21:37:52 INFO  AddEmployeeValidationTest:32 - Truy cập URL: https://olms.codedao.io.vn/login
2025-05-07 21:37:52 INFO  AddEmployeeValidationTest:25 - Đăng nhập bằng tài khoản admin và mở form Thêm nhân viên...
2025-05-07 21:41:00 INFO  AddEmployeeValidationTest:19 - Đang khởi tạo trình duyệt...
2025-05-07 21:41:06 INFO  AddEmployeeValidationTest:32 - Truy cập URL: https://olms.codedao.io.vn/login
2025-05-07 21:41:06 INFO  AddEmployeeValidationTest:25 - Đăng nhập bằng tài khoản admin và mở form Thêm nhân viên...
2025-05-07 21:45:48 INFO  AddEmployeeValidationTest:19 - Đang khởi tạo trình duyệt...
2025-05-07 21:46:00 INFO  AddEmployeeValidationTest:32 - Truy cập URL: https://olms.codedao.io.vn/login
2025-05-07 21:46:00 INFO  AddEmployeeValidationTest:25 - Đăng nhập bằng tài khoản admin và mở form Thêm nhân viên...
2025-05-07 21:46:04 INFO  AddEmployeeValidationTest:42 - Đóng trình duyệt...
2025-05-07 21:46:04 INFO  AddEmployeeValidationTest:19 - Đang khởi tạo trình duyệt...
2025-05-07 21:46:10 INFO  AddEmployeeValidationTest:32 - Truy cập URL: https://olms.codedao.io.vn/login
2025-05-07 21:46:10 INFO  AddEmployeeValidationTest:25 - Đăng nhập bằng tài khoản admin và mở form Thêm nhân viên...
2025-05-07 21:46:13 INFO  AddEmployeeValidationTest:42 - Đóng trình duyệt...
2025-05-07 21:46:13 INFO  AddEmployeeValidationTest:19 - Đang khởi tạo trình duyệt...
2025-05-07 21:46:24 INFO  AddEmployeeValidationTest:32 - Truy cập URL: https://olms.codedao.io.vn/login
2025-05-07 21:46:24 INFO  AddEmployeeValidationTest:25 - Đăng nhập bằng tài khoản admin và mở form Thêm nhân viên...
2025-05-07 21:46:28 INFO  AddEmployeeValidationTest:42 - Đóng trình duyệt...
2025-05-07 21:46:29 INFO  AddEmployeeValidationTest:19 - Đang khởi tạo trình duyệt...
2025-05-07 21:46:33 INFO  AddEmployeeValidationTest:32 - Truy cập URL: https://olms.codedao.io.vn/login
2025-05-07 21:46:33 INFO  AddEmployeeValidationTest:25 - Đăng nhập bằng tài khoản admin và mở form Thêm nhân viên...
2025-05-07 21:46:37 INFO  AddEmployeeValidationTest:42 - Đóng trình duyệt...
2025-05-07 21:46:37 INFO  AddEmployeeValidationTest:19 - Đang khởi tạo trình duyệt...
2025-05-07 21:46:42 INFO  AddEmployeeValidationTest:32 - Truy cập URL: https://olms.codedao.io.vn/login
2025-05-07 21:46:42 INFO  AddEmployeeValidationTest:25 - Đăng nhập bằng tài khoản admin và mở form Thêm nhân viên...
2025-05-07 21:46:46 INFO  AddEmployeeValidationTest:42 - Đóng trình duyệt...
2025-05-07 21:57:08 INFO  AddEmployeeValidationTest:19 - Đang khởi tạo trình duyệt...
2025-05-07 21:57:15 INFO  AddEmployeeValidationTest:32 - Truy cập URL: https://olms.codedao.io.vn/login
2025-05-07 21:57:15 INFO  AddEmployeeValidationTest:25 - Đăng nhập bằng tài khoản admin và mở form Thêm nhân viên...
2025-05-07 21:57:19 INFO  AddEmployeeValidationTest:42 - Đóng trình duyệt...
2025-05-07 21:57:19 INFO  AddEmployeeValidationTest:19 - Đang khởi tạo trình duyệt...
2025-05-07 21:57:25 INFO  AddEmployeeValidationTest:32 - Truy cập URL: https://olms.codedao.io.vn/login
2025-05-07 21:57:25 INFO  AddEmployeeValidationTest:25 - Đăng nhập bằng tài khoản admin và mở form Thêm nhân viên...
2025-05-07 21:57:28 INFO  AddEmployeeValidationTest:42 - Đóng trình duyệt...
2025-05-07 21:57:28 INFO  AddEmployeeValidationTest:19 - Đang khởi tạo trình duyệt...
2025-05-07 21:57:39 INFO  AddEmployeeValidationTest:32 - Truy cập URL: https://olms.codedao.io.vn/login
2025-05-07 21:57:39 INFO  AddEmployeeValidationTest:25 - Đăng nhập bằng tài khoản admin và mở form Thêm nhân viên...
2025-05-07 21:57:43 INFO  AddEmployeeValidationTest:42 - Đóng trình duyệt...
2025-05-07 21:57:43 INFO  AddEmployeeValidationTest:19 - Đang khởi tạo trình duyệt...
2025-05-07 21:57:55 INFO  AddEmployeeValidationTest:32 - Truy cập URL: https://olms.codedao.io.vn/login
2025-05-07 21:57:55 INFO  AddEmployeeValidationTest:25 - Đăng nhập bằng tài khoản admin và mở form Thêm nhân viên...
2025-05-07 21:57:59 INFO  AddEmployeeValidationTest:42 - Đóng trình duyệt...
2025-05-07 21:57:59 INFO  AddEmployeeValidationTest:19 - Đang khởi tạo trình duyệt...
2025-05-07 21:58:04 INFO  AddEmployeeValidationTest:32 - Truy cập URL: https://olms.codedao.io.vn/login
2025-05-07 21:58:04 INFO  AddEmployeeValidationTest:25 - Đăng nhập bằng tài khoản admin và mở form Thêm nhân viên...
2025-05-07 21:58:08 INFO  AddEmployeeValidationTest:42 - Đóng trình duyệt...
2025-05-07 21:58:36 INFO  AddEmployeeTest:19 - Đang khởi tạo trình duyệt...
2025-05-07 21:58:42 INFO  AddEmployeeTest:32 - Truy cập URL: https://olms.codedao.io.vn/login
2025-05-07 21:58:42 INFO  AddEmployeeTest:19 - Bắt đầu đăng nhập bằng tài khoản admin...
2025-05-07 21:58:43 INFO  AddEmployeeTest:22 - Đi tới menu Cấu hình > Quản lý nhân viên...
2025-05-07 21:58:44 INFO  AddEmployeeTest:25 - Xác minh nút 'Thêm nhân viên' được hiển thị...
2025-05-07 21:58:54 INFO  AddEmployeeTest:42 - Đóng trình duyệt...
2025-05-07 21:59:04 INFO  AddEmployeeTest:19 - Đang khởi tạo trình duyệt...
2025-05-07 21:59:15 INFO  AddEmployeeTest:32 - Truy cập URL: https://olms.codedao.io.vn/login
2025-05-07 21:59:15 INFO  AddEmployeeTest:19 - Bắt đầu đăng nhập bằng tài khoản admin...
2025-05-07 21:59:16 INFO  AddEmployeeTest:22 - Đi tới menu Cấu hình > Quản lý nhân viên...
2025-05-07 21:59:17 INFO  AddEmployeeTest:25 - Xác minh nút 'Thêm nhân viên' được hiển thị...
2025-05-07 21:59:17 INFO  AddEmployeeTest:42 - Đóng trình duyệt...
2025-05-07 22:01:58 INFO  AddEmployeeValidationTest:27 - Đăng nhập bằng tài khoản admin và mở form Thêm nhân viên...
2025-05-07 22:05:56 INFO  AddEmployeeValidationTest:26 - Đăng nhập bằng tài khoản admin và mở form Thêm nhân viên...
2025-05-07 22:07:46 INFO  AddEmployeeValidationTest:26 - Đăng nhập bằng tài khoản admin và mở form Thêm nhân viên...
2025-05-07 22:11:57 INFO  AddEmployeeValidationTest:19 - Đang khởi tạo trình duyệt...
2025-05-07 22:12:10 INFO  AddEmployeeValidationTest:32 - Truy cập URL: https://olms.codedao.io.vn/login
2025-05-07 22:12:10 INFO  AddEmployeeValidationTest:26 - Đăng nhập bằng tài khoản admin và mở form Thêm nhân viên...
2025-05-07 22:14:05 INFO  AddEmployeeValidationTest:19 - Đang khởi tạo trình duyệt...
2025-05-07 22:14:17 INFO  AddEmployeeValidationTest:32 - Truy cập URL: https://olms.codedao.io.vn/login
2025-05-07 22:14:17 INFO  AddEmployeeValidationTest:27 - Đăng nhập bằng tài khoản admin và mở form Thêm nhân viên...
2025-05-07 22:14:21 INFO  AddEmployeeValidationTest:42 - Đóng trình duyệt...
2025-05-07 22:14:21 INFO  AddEmployeeValidationTest:19 - Đang khởi tạo trình duyệt...
2025-05-07 22:14:32 INFO  AddEmployeeValidationTest:32 - Truy cập URL: https://olms.codedao.io.vn/login
2025-05-07 22:14:32 INFO  AddEmployeeValidationTest:27 - Đăng nhập bằng tài khoản admin và mở form Thêm nhân viên...
2025-05-07 22:14:35 INFO  AddEmployeeValidationTest:42 - Đóng trình duyệt...
2025-05-07 22:14:36 INFO  AddEmployeeValidationTest:19 - Đang khởi tạo trình duyệt...
2025-05-07 22:14:41 INFO  AddEmployeeValidationTest:32 - Truy cập URL: https://olms.codedao.io.vn/login
2025-05-07 22:14:41 INFO  AddEmployeeValidationTest:27 - Đăng nhập bằng tài khoản admin và mở form Thêm nhân viên...
2025-05-07 22:14:45 INFO  AddEmployeeValidationTest:42 - Đóng trình duyệt...
2025-05-07 22:14:45 INFO  AddEmployeeValidationTest:19 - Đang khởi tạo trình duyệt...
2025-05-07 22:14:58 INFO  AddEmployeeValidationTest:32 - Truy cập URL: https://olms.codedao.io.vn/login
2025-05-07 22:14:58 INFO  AddEmployeeValidationTest:27 - Đăng nhập bằng tài khoản admin và mở form Thêm nhân viên...
2025-05-07 22:15:02 INFO  AddEmployeeValidationTest:42 - Đóng trình duyệt...
2025-05-07 22:15:02 INFO  AddEmployeeValidationTest:19 - Đang khởi tạo trình duyệt...
2025-05-07 22:15:08 INFO  AddEmployeeValidationTest:32 - Truy cập URL: https://olms.codedao.io.vn/login
2025-05-07 22:15:08 INFO  AddEmployeeValidationTest:27 - Đăng nhập bằng tài khoản admin và mở form Thêm nhân viên...
2025-05-07 22:15:09 ERROR AddEmployeeValidationTest:32 - Error in setup: element click intercepted: Element <button class="MuiButtonBase-root MuiButton-root MuiButton-contained MuiButton-containedPrimary MuiButton-sizeMedium MuiButton-containedSizeMedium MuiButton-fullWidth MuiButton-root MuiButton-contained MuiButton-containedPrimary MuiButton-sizeMedium MuiButton-containedSizeMedium MuiButton-fullWidth css-1ig2p77" tabindex="0" type="submit">...</button> is not clickable at point (1211, 354). Other element would receive the click: <div aria-hidden="true" class="MuiBackdrop-root css-ir5uvl" style="opacity: 0; transition: opacity 195ms cubic-bezier(0.4, 0, 0.2, 1);">...</div>
  (Session info: chrome=135.0.7049.116)
Build info: version: '4.27.0', revision: 'd6e718d134'
System info: os.name: 'Windows 11', os.arch: 'amd64', os.version: '10.0', java.version: '21.0.5'
Driver info: org.openqa.selenium.chrome.ChromeDriver
Command: [9d82f8da57a2753364f0680e91ddf5b8, clickElement {id=f.7A83F5CE7B318A12205D8ED8C3E3904A.d.AE6582FD80C4C1EAD6E274A2F36C3683.e.9}]
Capabilities {acceptInsecureCerts: false, browserName: chrome, browserVersion: 135.0.7049.116, chrome: {chromedriverVersion: 135.0.7049.114 (63fd8a7d9d0..., userDataDir: C:\Users\LAP129~1\AppData\L...}, fedcm:accounts: true, goog:chromeOptions: {debuggerAddress: localhost:56904}, networkConnectionEnabled: false, pageLoadStrategy: normal, platformName: windows, proxy: Proxy(), se:cdp: ws://localhost:56904/devtoo..., se:cdpVersion: 135.0.7049.116, setWindowRect: true, strictFileInteractability: false, timeouts: {implicit: 0, pageLoad: 300000, script: 30000}, unhandledPromptBehavior: dismiss and notify, webauthn:extension:credBlob: true, webauthn:extension:largeBlob: true, webauthn:extension:minPinLength: true, webauthn:extension:prf: true, webauthn:virtualAuthenticators: true}
Element: [[ChromeDriver: chrome on windows (9d82f8da57a2753364f0680e91ddf5b8)] -> xpath: //button[@type='submit']]
Session ID: 9d82f8da57a2753364f0680e91ddf5b8
2025-05-07 23:01:29 INFO  AddEmployeeValidationTest:31 - Đăng nhập bằng tài khoản admin và mở form Thêm nhân viên...
2025-05-07 23:01:29 ERROR AddEmployeeValidationTest:36 - Error in setup: no such element: Unable to locate element: {"method":"css selector","selector":"#emailOrUsername"}
  (Session info: chrome=135.0.7049.116)
For documentation on this error, please visit: https://www.selenium.dev/documentation/webdriver/troubleshooting/errors#no-such-element-exception
Build info: version: '4.27.0', revision: 'd6e718d134'
System info: os.name: 'Windows 11', os.arch: 'amd64', os.version: '10.0', java.version: '21.0.5'
Driver info: org.openqa.selenium.chrome.ChromeDriver
Command: [862ce65d1f0f913c9ff756275c682cff, findElement {value=emailOrUsername, using=id}]
Capabilities {acceptInsecureCerts: false, browserName: chrome, browserVersion: 135.0.7049.116, chrome: {chromedriverVersion: 135.0.7049.114 (63fd8a7d9d0..., userDataDir: C:\Users\LAP129~1\AppData\L...}, fedcm:accounts: true, goog:chromeOptions: {debuggerAddress: localhost:59088}, networkConnectionEnabled: false, pageLoadStrategy: normal, platformName: windows, proxy: Proxy(), se:cdp: ws://localhost:59088/devtoo..., se:cdpVersion: 135.0.7049.116, setWindowRect: true, strictFileInteractability: false, timeouts: {implicit: 0, pageLoad: 300000, script: 30000}, unhandledPromptBehavior: dismiss and notify, webauthn:extension:credBlob: true, webauthn:extension:largeBlob: true, webauthn:extension:minPinLength: true, webauthn:extension:prf: true, webauthn:virtualAuthenticators: true}
Session ID: 862ce65d1f0f913c9ff756275c682cff
2025-05-07 23:01:45 INFO  AddEmployeeValidationTest:31 - Đăng nhập bằng tài khoản admin và mở form Thêm nhân viên...
2025-05-07 23:01:45 ERROR AddEmployeeValidationTest:36 - Error in setup: no such element: Unable to locate element: {"method":"css selector","selector":"#emailOrUsername"}
  (Session info: chrome=135.0.7049.116)
For documentation on this error, please visit: https://www.selenium.dev/documentation/webdriver/troubleshooting/errors#no-such-element-exception
Build info: version: '4.27.0', revision: 'd6e718d134'
System info: os.name: 'Windows 11', os.arch: 'amd64', os.version: '10.0', java.version: '21.0.5'
Driver info: org.openqa.selenium.chrome.ChromeDriver
Command: [f298961897e56366c35b5b1228ae5967, findElement {value=emailOrUsername, using=id}]
Capabilities {acceptInsecureCerts: false, browserName: chrome, browserVersion: 135.0.7049.116, chrome: {chromedriverVersion: 135.0.7049.114 (63fd8a7d9d0..., userDataDir: C:\Users\LAP129~1\AppData\L...}, fedcm:accounts: true, goog:chromeOptions: {debuggerAddress: localhost:59117}, networkConnectionEnabled: false, pageLoadStrategy: normal, platformName: windows, proxy: Proxy(), se:cdp: ws://localhost:59117/devtoo..., se:cdpVersion: 135.0.7049.116, setWindowRect: true, strictFileInteractability: false, timeouts: {implicit: 0, pageLoad: 300000, script: 30000}, unhandledPromptBehavior: dismiss and notify, webauthn:extension:credBlob: true, webauthn:extension:largeBlob: true, webauthn:extension:minPinLength: true, webauthn:extension:prf: true, webauthn:virtualAuthenticators: true}
Session ID: f298961897e56366c35b5b1228ae5967
2025-05-07 23:02:52 INFO  AddEmployeeOptionalFieldsTest:32 - Đăng nhập bằng tài khoản admin và mở form Thêm nhân viên...
2025-05-08 14:35:07 INFO  AddEmployeeOptionalFieldsTest:32 - Đăng nhập bằng tài khoản admin và mở form Thêm nhân viên...
2025-05-08 14:54:24 INFO  AddEmployeeTest:24 - Bắt đầu đăng nhập bằng tài khoản admin...
2025-05-08 14:56:05 INFO  AddEmployeeTest:24 - Bắt đầu đăng nhập bằng tài khoản admin...
2025-05-08 15:28:19 INFO  AddEmployeeTest:24 - Bắt đầu đăng nhập bằng tài khoản admin...
2025-05-08 15:28:19 INFO  AddEmployeeTest:27 - Đi tới menu Cấu hình > Quản lý nhân viên...
2025-05-08 15:28:30 INFO  AddEmployeeTest:30 - Xác minh nút 'Thêm nhân viên' được hiển thị...
2025-05-08 15:29:11 INFO  AddEmployeeTest:24 - Bắt đầu đăng nhập bằng tài khoản admin...
2025-05-08 15:29:12 INFO  AddEmployeeTest:27 - Đi tới menu Cấu hình > Quản lý nhân viên...
2025-05-08 15:29:23 INFO  AddEmployeeTest:30 - Xác minh nút 'Thêm nhân viên' được hiển thị...
